<?xml version="1.0" encoding="UTF-8"?>
<testsuite xmlns:xsi="http://www.w3.org/2001/XMLSchema-instance" xsi:noNamespaceSchemaLocation="https://maven.apache.org/surefire/maven-surefire-plugin/xsd/surefire-test-report.xsd" name="hustleMV.service.InventoryServiceTest" time="0.196" tests="32" errors="32" skipped="0" failures="0">
  <properties>
    <property name="java.specification.version" value="17"/>
    <property name="sun.cpu.isalist" value="amd64"/>
    <property name="sun.jnu.encoding" value="Cp1250"/>
    <property name="java.class.path" value="C:\VVSS\hustle\target\test-classes;C:\Users\skump\.m2\repository\junit\junit\4.10\junit-4.10.jar;C:\Users\skump\.m2\repository\org\hamcrest\hamcrest-core\1.1\hamcrest-core-1.1.jar;C:\Users\skump\.m2\repository\org\junit\jupiter\junit-jupiter-engine\5.6.0\junit-jupiter-engine-5.6.0.jar;C:\Users\skump\.m2\repository\org\apiguardian\apiguardian-api\1.1.0\apiguardian-api-1.1.0.jar;C:\Users\skump\.m2\repository\org\junit\platform\junit-platform-engine\1.6.0\junit-platform-engine-1.6.0.jar;C:\Users\skump\.m2\repository\org\junit\jupiter\junit-jupiter-api\5.6.0\junit-jupiter-api-5.6.0.jar;C:\Users\skump\.m2\repository\org\opentest4j\opentest4j\1.2.0\opentest4j-1.2.0.jar;C:\Users\skump\.m2\repository\org\junit\platform\junit-platform-commons\1.6.0\junit-platform-commons-1.6.0.jar;C:\Users\skump\.m2\repository\org\junit\jupiter\junit-jupiter-params\5.6.0\junit-jupiter-params-5.6.0.jar;C:\Users\skump\.m2\repository\org\openjfx\javafx-base\12\javafx-base-12.jar;C:\Users\skump\.m2\repository\org\openjfx\javafx-graphics\14-ea+4\javafx-graphics-14-ea+4.jar;C:\Users\skump\.m2\repository\org\openjfx\javafx-controls\12\javafx-controls-12.jar;C:\Users\skump\.m2\repository\org\openjfx\javafx-fxml\12\javafx-fxml-12.jar;C:\Users\skump\.m2\repository\org\openjfx\javafx-media\12\javafx-media-12.jar;C:\Users\skump\.m2\repository\org\openjfx\javafx-media\12\javafx-media-12-win.jar;C:\Users\skump\.m2\repository\org\openjfx\javafx-swing\12\javafx-swing-12.jar;C:\Users\skump\.m2\repository\org\openjfx\javafx-swing\12\javafx-swing-12-win.jar;C:\Users\skump\.m2\repository\org\openjfx\javafx-web\12\javafx-web-12.jar;C:\Users\skump\.m2\repository\org\openjfx\javafx-web\12\javafx-web-12-win.jar;C:\Users\skump\.m2\repository\log4j\log4j\1.2.17\log4j-1.2.17.jar;C:\Users\skump\.m2\repository\org\controlsfx\controlsfx\11.0.1\controlsfx-11.0.1.jar;C:\Users\skump\.m2\repository\org\mockito\mockito-core\5.3.1\mockito-core-5.3.1.jar;C:\Users\skump\.m2\repository\net\bytebuddy\byte-buddy\1.14.4\byte-buddy-1.14.4.jar;C:\Users\skump\.m2\repository\net\bytebuddy\byte-buddy-agent\1.14.4\byte-buddy-agent-1.14.4.jar;C:\Users\skump\.m2\repository\org\objenesis\objenesis\3.3\objenesis-3.3.jar;"/>
    <property name="java.vm.vendor" value="Oracle Corporation"/>
    <property name="sun.arch.data.model" value="64"/>
    <property name="user.variant" value=""/>
    <property name="java.vendor.url" value="https://java.oracle.com/"/>
    <property name="user.timezone" value="Europe/Bucharest"/>
    <property name="os.name" value="Windows 10"/>
    <property name="java.vm.specification.version" value="17"/>
    <property name="sun.java.launcher" value="SUN_STANDARD"/>
    <property name="user.country" value="RO"/>
    <property name="sun.boot.library.path" value="C:\Program Files\Java\jdk-17\bin"/>
    <property name="sun.java.command" value="org.apache.maven.surefire.booter.ForkedBooter C:\Users\skump\AppData\Local\Temp\surefire7654581358592745378 2023-05-02T15-11-54_897-jvmRun1 surefire9694538618955151839tmp surefire_014657908572174579179tmp"/>
    <property name="jdk.debug" value="release"/>
    <property name="surefire.test.class.path" value="C:\VVSS\hustle\target\test-classes;C:\Users\skump\.m2\repository\junit\junit\4.10\junit-4.10.jar;C:\Users\skump\.m2\repository\org\hamcrest\hamcrest-core\1.1\hamcrest-core-1.1.jar;C:\Users\skump\.m2\repository\org\junit\jupiter\junit-jupiter-engine\5.6.0\junit-jupiter-engine-5.6.0.jar;C:\Users\skump\.m2\repository\org\apiguardian\apiguardian-api\1.1.0\apiguardian-api-1.1.0.jar;C:\Users\skump\.m2\repository\org\junit\platform\junit-platform-engine\1.6.0\junit-platform-engine-1.6.0.jar;C:\Users\skump\.m2\repository\org\junit\jupiter\junit-jupiter-api\5.6.0\junit-jupiter-api-5.6.0.jar;C:\Users\skump\.m2\repository\org\opentest4j\opentest4j\1.2.0\opentest4j-1.2.0.jar;C:\Users\skump\.m2\repository\org\junit\platform\junit-platform-commons\1.6.0\junit-platform-commons-1.6.0.jar;C:\Users\skump\.m2\repository\org\junit\jupiter\junit-jupiter-params\5.6.0\junit-jupiter-params-5.6.0.jar;C:\Users\skump\.m2\repository\org\openjfx\javafx-base\12\javafx-base-12.jar;C:\Users\skump\.m2\repository\org\openjfx\javafx-graphics\14-ea+4\javafx-graphics-14-ea+4.jar;C:\Users\skump\.m2\repository\org\openjfx\javafx-controls\12\javafx-controls-12.jar;C:\Users\skump\.m2\repository\org\openjfx\javafx-fxml\12\javafx-fxml-12.jar;C:\Users\skump\.m2\repository\org\openjfx\javafx-media\12\javafx-media-12.jar;C:\Users\skump\.m2\repository\org\openjfx\javafx-media\12\javafx-media-12-win.jar;C:\Users\skump\.m2\repository\org\openjfx\javafx-swing\12\javafx-swing-12.jar;C:\Users\skump\.m2\repository\org\openjfx\javafx-swing\12\javafx-swing-12-win.jar;C:\Users\skump\.m2\repository\org\openjfx\javafx-web\12\javafx-web-12.jar;C:\Users\skump\.m2\repository\org\openjfx\javafx-web\12\javafx-web-12-win.jar;C:\Users\skump\.m2\repository\log4j\log4j\1.2.17\log4j-1.2.17.jar;C:\Users\skump\.m2\repository\org\controlsfx\controlsfx\11.0.1\controlsfx-11.0.1.jar;C:\Users\skump\.m2\repository\org\mockito\mockito-core\5.3.1\mockito-core-5.3.1.jar;C:\Users\skump\.m2\repository\net\bytebuddy\byte-buddy\1.14.4\byte-buddy-1.14.4.jar;C:\Users\skump\.m2\repository\net\bytebuddy\byte-buddy-agent\1.14.4\byte-buddy-agent-1.14.4.jar;C:\Users\skump\.m2\repository\org\objenesis\objenesis\3.3\objenesis-3.3.jar;"/>
    <property name="sun.cpu.endian" value="little"/>
    <property name="user.home" value="C:\Users\skump"/>
    <property name="user.language" value="ro"/>
    <property name="java.specification.vendor" value="Oracle Corporation"/>
    <property name="jdk.module.path" value="C:\VVSS\hustle\target\classes;C:\Users\skump\.m2\repository\org\openjfx\javafx-base\12\javafx-base-12-win.jar;C:\Users\skump\.m2\repository\org\openjfx\javafx-controls\12\javafx-controls-12-win.jar;C:\Users\skump\.m2\repository\org\openjfx\javafx-fxml\12\javafx-fxml-12-win.jar;C:\Users\skump\.m2\repository\org\openjfx\javafx-graphics\12\javafx-graphics-12-win.jar"/>
    <property name="java.version.date" value="2021-09-14"/>
    <property name="java.home" value="C:\Program Files\Java\jdk-17"/>
    <property name="file.separator" value="\"/>
    <property name="basedir" value="C:\VVSS\hustle"/>
    <property name="java.vm.compressedOopsMode" value="32-bit"/>
    <property name="line.separator" value="&#10;"/>
    <property name="java.vm.specification.vendor" value="Oracle Corporation"/>
    <property name="java.specification.name" value="Java Platform API Specification"/>
    <property name="surefire.real.class.path" value="C:\Users\skump\.m2\repository\org\apache\maven\surefire\surefire-booter\2.22.1\surefire-booter-2.22.1.jar;C:\Users\skump\.m2\repository\org\apache\maven\surefire\surefire-api\2.22.1\surefire-api-2.22.1.jar;C:\Users\skump\.m2\repository\org\apache\maven\surefire\surefire-logger-api\2.22.1\surefire-logger-api-2.22.1.jar;C:\VVSS\hustle\target\test-classes;C:\Users\skump\.m2\repository\junit\junit\4.10\junit-4.10.jar;C:\Users\skump\.m2\repository\org\hamcrest\hamcrest-core\1.1\hamcrest-core-1.1.jar;C:\Users\skump\.m2\repository\org\junit\jupiter\junit-jupiter-engine\5.6.0\junit-jupiter-engine-5.6.0.jar;C:\Users\skump\.m2\repository\org\apiguardian\apiguardian-api\1.1.0\apiguardian-api-1.1.0.jar;C:\Users\skump\.m2\repository\org\junit\platform\junit-platform-engine\1.6.0\junit-platform-engine-1.6.0.jar;C:\Users\skump\.m2\repository\org\junit\jupiter\junit-jupiter-api\5.6.0\junit-jupiter-api-5.6.0.jar;C:\Users\skump\.m2\repository\org\opentest4j\opentest4j\1.2.0\opentest4j-1.2.0.jar;C:\Users\skump\.m2\repository\org\junit\platform\junit-platform-commons\1.6.0\junit-platform-commons-1.6.0.jar;C:\Users\skump\.m2\repository\org\junit\jupiter\junit-jupiter-params\5.6.0\junit-jupiter-params-5.6.0.jar;C:\Users\skump\.m2\repository\org\openjfx\javafx-base\12\javafx-base-12.jar;C:\Users\skump\.m2\repository\org\openjfx\javafx-graphics\14-ea+4\javafx-graphics-14-ea+4.jar;C:\Users\skump\.m2\repository\org\openjfx\javafx-controls\12\javafx-controls-12.jar;C:\Users\skump\.m2\repository\org\openjfx\javafx-fxml\12\javafx-fxml-12.jar;C:\Users\skump\.m2\repository\org\openjfx\javafx-media\12\javafx-media-12.jar;C:\Users\skump\.m2\repository\org\openjfx\javafx-media\12\javafx-media-12-win.jar;C:\Users\skump\.m2\repository\org\openjfx\javafx-swing\12\javafx-swing-12.jar;C:\Users\skump\.m2\repository\org\openjfx\javafx-swing\12\javafx-swing-12-win.jar;C:\Users\skump\.m2\repository\org\openjfx\javafx-web\12\javafx-web-12.jar;C:\Users\skump\.m2\repository\org\openjfx\javafx-web\12\javafx-web-12-win.jar;C:\Users\skump\.m2\repository\log4j\log4j\1.2.17\log4j-1.2.17.jar;C:\Users\skump\.m2\repository\org\controlsfx\controlsfx\11.0.1\controlsfx-11.0.1.jar;C:\Users\skump\.m2\repository\org\mockito\mockito-core\5.3.1\mockito-core-5.3.1.jar;C:\Users\skump\.m2\repository\net\bytebuddy\byte-buddy\1.14.4\byte-buddy-1.14.4.jar;C:\Users\skump\.m2\repository\net\bytebuddy\byte-buddy-agent\1.14.4\byte-buddy-agent-1.14.4.jar;C:\Users\skump\.m2\repository\org\objenesis\objenesis\3.3\objenesis-3.3.jar;C:\Users\skump\.m2\repository\org\apache\maven\surefire\surefire-junit-platform\2.22.1\surefire-junit-platform-2.22.1.jar;C:\Users\skump\.m2\repository\org\junit\platform\junit-platform-launcher\1.3.1\junit-platform-launcher-1.3.1.jar"/>
    <property name="user.script" value=""/>
    <property name="sun.management.compiler" value="HotSpot 64-Bit Tiered Compilers"/>
    <property name="java.runtime.version" value="17+35-LTS-2724"/>
    <property name="user.name" value="Aygean Nurla"/>
    <property name="path.separator" value=";"/>
    <property name="os.version" value="10.0"/>
    <property name="java.runtime.name" value="Java(TM) SE Runtime Environment"/>
    <property name="file.encoding" value="Cp1250"/>
    <property name="java.vm.name" value="Java HotSpot(TM) 64-Bit Server VM"/>
    <property name="localRepository" value="C:\Users\skump\.m2\repository"/>
    <property name="java.vendor.url.bug" value="https://bugreport.java.com/bugreport/"/>
    <property name="java.io.tmpdir" value="C:\Users\skump\AppData\Local\Temp\"/>
    <property name="idea.version" value="2021.3.2"/>
    <property name="java.version" value="17"/>
    <property name="user.dir" value="C:\VVSS\hustle"/>
    <property name="os.arch" value="amd64"/>
    <property name="java.vm.specification.name" value="Java Virtual Machine Specification"/>
    <property name="sun.os.patch.level" value=""/>
    <property name="native.encoding" value="Cp1250"/>
    <property name="java.library.path" value="C:\Program Files\Java\jdk-17\bin;C:\WINDOWS\Sun\Java\bin;C:\WINDOWS\system32;C:\WINDOWS;C:\Program Files\Microsoft MPI\Bin\;C:\Users\skump\AppData\Local\Programs\Python\Python310\Scripts\;C:\Users\skump\AppData\Local\Programs\Python\Python310\;C:\Program Files\Common Files\Oracle\Java\javapath;C:\Python39\Scripts\;C:\Python39\;C:\Program Files (x86)\Common Files\Oracle\Java\javapath;C:\WINDOWS\system32;C:\WINDOWS;C:\WINDOWS\System32\Wbem;C:\WINDOWS\System32\WindowsPowerShell\v1.0\;C:\WINDOWS\System32\OpenSSH\;C:\Program Files\Microsoft SQL Server\Client SDK\ODBC\170\Tools\Binn\;C:\Program Files (x86)\Microsoft SQL Server\150\Tools\Binn\;C:\Program Files\Microsoft SQL Server\150\Tools\Binn\;C:\Program Files\Microsoft SQL Server\150\DTS\Binn\;C:\Program Files\Microsoft SQL Server\130\Tools\Binn\;C:\Program Files\Java\jdk-15.0.2\bin;C:\Program Files\dotnet\;C:\ProgramData\chocolatey\bin;C:\Program Files\Git\cmd;C:\Program Files\PuTTY\;C:\Program Files (x86)\GtkSharp\2.12\bin;C:\protoc-3.20.1-win64\bin;C:\xampp\php;C:\Program Files\nodejs\;C:\Program Files\Tesseract-OCR;C:\Program Files (x86)\Microsoft SQL Server\160\Tools\Binn\;C:\Program Files\Microsoft SQL Server\160\Tools\Binn\;C:\Program Files\Microsoft SQL Server\160\DTS\Binn\;C:\Program Files (x86)\Microsoft SQL Server\160\DTS\Binn\;C:\Program Files\Azure Data Studio\bin;C:\Program Files (x86)\Microsoft SQL Server\110\DTS\Binn\;C:\Program Files (x86)\Microsoft SQL Server\120\DTS\Binn\;C:\Program Files (x86)\Microsoft SQL Server\130\DTS\Binn\;C:\Program Files (x86)\Microsoft SQL Server\140\DTS\Binn\;C:\Program Files (x86)\Microsoft SQL Server\150\DTS\Binn\;C:\Program Files\MySQL\MySQL Shell 8.0\bin\;C:\Users\skump\.cargo\bin;C:\Users\skump\AppData\Local\Microsoft\WindowsApps;C:\Users\skump\.dotnet\tools;C:\Program Files\Azure Data Studio\bin;C:\Users\skump\MAP\gradle\gradle-7.3\bin;C:\Users\skump\AppData\Local\Programs\Microsoft VS Code\bin;C:\Program Files\JetBrains\PyCharm 2021.3.2\bin;;C:\Users\skump\AppData\Local\GitHubDesktop\bin;C:\Users\skump\AppData\Roaming\npm;C:\GnuWin32\bin;C:\MinGW\bin;C:\apache-maven-3.8.6-bin\apache-maven-3.8.6\bin;;C:\Program Files\Azure Data Studio\bin;."/>
    <property name="java.vm.info" value="mixed mode"/>
    <property name="java.vendor" value="Oracle Corporation"/>
    <property name="java.vm.version" value="17+35-LTS-2724"/>
    <property name="sun.io.unicode.encoding" value="UnicodeLittle"/>
    <property name="java.class.version" value="61.0"/>
  </properties>
  <testcase name="test_price_invalid{RepetitionInfo}[1]" classname="hustleMV.service.InventoryServiceTest" time="0.002">
    <error message="Unable to make hustleMV.service.InventoryServiceTest() accessible: module inventory does not &quot;opens hustleMV.service&quot; to unnamed module @1184ab05" type="java.lang.reflect.InaccessibleObjectException">java.lang.reflect.InaccessibleObjectException: Unable to make hustleMV.service.InventoryServiceTest() accessible: module inventory does not "opens hustleMV.service" to unnamed module @1184ab05
</error>
  </testcase>
  <testcase name="test_price_invalid{RepetitionInfo}[2]" classname="hustleMV.service.InventoryServiceTest" time="0">
    <error message="Unable to make hustleMV.service.InventoryServiceTest() accessible: module inventory does not &quot;opens hustleMV.service&quot; to unnamed module @1184ab05" type="java.lang.reflect.InaccessibleObjectException">java.lang.reflect.InaccessibleObjectException: Unable to make hustleMV.service.InventoryServiceTest() accessible: module inventory does not "opens hustleMV.service" to unnamed module @1184ab05
</error>
  </testcase>
  <testcase name="test_price_invalid{RepetitionInfo}[3]" classname="hustleMV.service.InventoryServiceTest" time="0">
    <error message="Unable to make hustleMV.service.InventoryServiceTest() accessible: module inventory does not &quot;opens hustleMV.service&quot; to unnamed module @1184ab05" type="java.lang.reflect.InaccessibleObjectException">java.lang.reflect.InaccessibleObjectException: Unable to make hustleMV.service.InventoryServiceTest() accessible: module inventory does not "opens hustleMV.service" to unnamed module @1184ab05
</error>
  </testcase>
  <testcase name="test_price_invalid{RepetitionInfo}[4]" classname="hustleMV.service.InventoryServiceTest" time="0">
    <error message="Unable to make hustleMV.service.InventoryServiceTest() accessible: module inventory does not &quot;opens hustleMV.service&quot; to unnamed module @1184ab05" type="java.lang.reflect.InaccessibleObjectException">java.lang.reflect.InaccessibleObjectException: Unable to make hustleMV.service.InventoryServiceTest() accessible: module inventory does not "opens hustleMV.service" to unnamed module @1184ab05
</error>
  </testcase>
  <testcase name="test_price_invalid{RepetitionInfo}[5]" classname="hustleMV.service.InventoryServiceTest" time="0">
    <error message="Unable to make hustleMV.service.InventoryServiceTest() accessible: module inventory does not &quot;opens hustleMV.service&quot; to unnamed module @1184ab05" type="java.lang.reflect.InaccessibleObjectException">java.lang.reflect.InaccessibleObjectException: Unable to make hustleMV.service.InventoryServiceTest() accessible: module inventory does not "opens hustleMV.service" to unnamed module @1184ab05
</error>
  </testcase>
  <testcase name="test_instock_valid_ecp1{int}[1]" classname="hustleMV.service.InventoryServiceTest" time="0">
    <error message="Unable to make hustleMV.service.InventoryServiceTest() accessible: module inventory does not &quot;opens hustleMV.service&quot; to unnamed module @1184ab05" type="java.lang.reflect.InaccessibleObjectException">java.lang.reflect.InaccessibleObjectException: Unable to make hustleMV.service.InventoryServiceTest() accessible: module inventory does not "opens hustleMV.service" to unnamed module @1184ab05
</error>
  </testcase>
  <testcase name="test_instock_valid_ecp2{int}[1]" classname="hustleMV.service.InventoryServiceTest" time="0.002">
    <error message="Unable to make hustleMV.service.InventoryServiceTest() accessible: module inventory does not &quot;opens hustleMV.service&quot; to unnamed module @1184ab05" type="java.lang.reflect.InaccessibleObjectException">java.lang.reflect.InaccessibleObjectException: Unable to make hustleMV.service.InventoryServiceTest() accessible: module inventory does not "opens hustleMV.service" to unnamed module @1184ab05
</error>
  </testcase>
  <testcase name="test_instock_invalid_2{int}[1]" classname="hustleMV.service.InventoryServiceTest" time="0.001">
    <error message="Unable to make hustleMV.service.InventoryServiceTest() accessible: module inventory does not &quot;opens hustleMV.service&quot; to unnamed module @1184ab05" type="java.lang.reflect.InaccessibleObjectException">java.lang.reflect.InaccessibleObjectException: Unable to make hustleMV.service.InventoryServiceTest() accessible: module inventory does not "opens hustleMV.service" to unnamed module @1184ab05
</error>
  </testcase>
  <testcase name="test_instock_invalid_2{int}[2]" classname="hustleMV.service.InventoryServiceTest" time="0.001">
    <error message="Unable to make hustleMV.service.InventoryServiceTest() accessible: module inventory does not &quot;opens hustleMV.service&quot; to unnamed module @1184ab05" type="java.lang.reflect.InaccessibleObjectException">java.lang.reflect.InaccessibleObjectException: Unable to make hustleMV.service.InventoryServiceTest() accessible: module inventory does not "opens hustleMV.service" to unnamed module @1184ab05
</error>
  </testcase>
  <testcase name="test_instock_invalid_4{int}[1]" classname="hustleMV.service.InventoryServiceTest" time="0.002">
    <error message="Unable to make hustleMV.service.InventoryServiceTest() accessible: module inventory does not &quot;opens hustleMV.service&quot; to unnamed module @1184ab05" type="java.lang.reflect.InaccessibleObjectException">java.lang.reflect.InaccessibleObjectException: Unable to make hustleMV.service.InventoryServiceTest() accessible: module inventory does not "opens hustleMV.service" to unnamed module @1184ab05
</error>
  </testcase>
  <testcase name="test_instock_valid_1{int}[1]" classname="hustleMV.service.InventoryServiceTest" time="0.002">
    <error message="Unable to make hustleMV.service.InventoryServiceTest() accessible: module inventory does not &quot;opens hustleMV.service&quot; to unnamed module @1184ab05" type="java.lang.reflect.InaccessibleObjectException">java.lang.reflect.InaccessibleObjectException: Unable to make hustleMV.service.InventoryServiceTest() accessible: module inventory does not "opens hustleMV.service" to unnamed module @1184ab05
</error>
  </testcase>
  <testcase name="test_instock_valid_1{int}[2]" classname="hustleMV.service.InventoryServiceTest" time="0.002">
    <error message="Unable to make hustleMV.service.InventoryServiceTest() accessible: module inventory does not &quot;opens hustleMV.service&quot; to unnamed module @1184ab05" type="java.lang.reflect.InaccessibleObjectException">java.lang.reflect.InaccessibleObjectException: Unable to make hustleMV.service.InventoryServiceTest() accessible: module inventory does not "opens hustleMV.service" to unnamed module @1184ab05
</error>
  </testcase>
  <testcase name="test_instock_valid_1{int}[3]" classname="hustleMV.service.InventoryServiceTest" time="0">
    <error message="Unable to make hustleMV.service.InventoryServiceTest() accessible: module inventory does not &quot;opens hustleMV.service&quot; to unnamed module @1184ab05" type="java.lang.reflect.InaccessibleObjectException">java.lang.reflect.InaccessibleObjectException: Unable to make hustleMV.service.InventoryServiceTest() accessible: module inventory does not "opens hustleMV.service" to unnamed module @1184ab05
</error>
  </testcase>
  <testcase name="test_instock_valid_1{int}[4]" classname="hustleMV.service.InventoryServiceTest" time="0.001">
    <error message="Unable to make hustleMV.service.InventoryServiceTest() accessible: module inventory does not &quot;opens hustleMV.service&quot; to unnamed module @1184ab05" type="java.lang.reflect.InaccessibleObjectException">java.lang.reflect.InaccessibleObjectException: Unable to make hustleMV.service.InventoryServiceTest() accessible: module inventory does not "opens hustleMV.service" to unnamed module @1184ab05
</error>
  </testcase>
  <testcase name="test_instock_valid_1{int}[5]" classname="hustleMV.service.InventoryServiceTest" time="0.001">
    <error message="Unable to make hustleMV.service.InventoryServiceTest() accessible: module inventory does not &quot;opens hustleMV.service&quot; to unnamed module @1184ab05" type="java.lang.reflect.InaccessibleObjectException">java.lang.reflect.InaccessibleObjectException: Unable to make hustleMV.service.InventoryServiceTest() accessible: module inventory does not "opens hustleMV.service" to unnamed module @1184ab05
</error>
  </testcase>
  <testcase name="test_instock_valid_3{int}[1]" classname="hustleMV.service.InventoryServiceTest" time="0">
    <error message="Unable to make hustleMV.service.InventoryServiceTest() accessible: module inventory does not &quot;opens hustleMV.service&quot; to unnamed module @1184ab05" type="java.lang.reflect.InaccessibleObjectException">java.lang.reflect.InaccessibleObjectException: Unable to make hustleMV.service.InventoryServiceTest() accessible: module inventory does not "opens hustleMV.service" to unnamed module @1184ab05
</error>
  </testcase>
  <testcase name="test_instock_valid_3{int}[2]" classname="hustleMV.service.InventoryServiceTest" time="0">
    <error message="Unable to make hustleMV.service.InventoryServiceTest() accessible: module inventory does not &quot;opens hustleMV.service&quot; to unnamed module @1184ab05" type="java.lang.reflect.InaccessibleObjectException">java.lang.reflect.InaccessibleObjectException: Unable to make hustleMV.service.InventoryServiceTest() accessible: module inventory does not "opens hustleMV.service" to unnamed module @1184ab05
</error>
  </testcase>
  <testcase name="test_instock_valid_3{int}[3]" classname="hustleMV.service.InventoryServiceTest" time="0">
    <error message="Unable to make hustleMV.service.InventoryServiceTest() accessible: module inventory does not &quot;opens hustleMV.service&quot; to unnamed module @1184ab05" type="java.lang.reflect.InaccessibleObjectException">java.lang.reflect.InaccessibleObjectException: Unable to make hustleMV.service.InventoryServiceTest() accessible: module inventory does not "opens hustleMV.service" to unnamed module @1184ab05
</error>
  </testcase>
  <testcase name="test_price_invalid2{RepetitionInfo}[1]" classname="hustleMV.service.InventoryServiceTest" time="0.004">
    <error message="Unable to make hustleMV.service.InventoryServiceTest() accessible: module inventory does not &quot;opens hustleMV.service&quot; to unnamed module @1184ab05" type="java.lang.reflect.InaccessibleObjectException">java.lang.reflect.InaccessibleObjectException: Unable to make hustleMV.service.InventoryServiceTest() accessible: module inventory does not "opens hustleMV.service" to unnamed module @1184ab05
</error>
  </testcase>
  <testcase name="test_price_invalid3" classname="hustleMV.service.InventoryServiceTest" time="0.005">
    <error message="Unable to make hustleMV.service.InventoryServiceTest() accessible: module inventory does not &quot;opens hustleMV.service&quot; to unnamed module @1184ab05" type="java.lang.reflect.InaccessibleObjectException">java.lang.reflect.InaccessibleObjectException: Unable to make hustleMV.service.InventoryServiceTest() accessible: module inventory does not "opens hustleMV.service" to unnamed module @1184ab05
</error>
  </testcase>
  <testcase name="test_instock_invalid_ecp1{int}[1]" classname="hustleMV.service.InventoryServiceTest" time="0.001">
    <error message="Unable to make hustleMV.service.InventoryServiceTest() accessible: module inventory does not &quot;opens hustleMV.service&quot; to unnamed module @1184ab05" type="java.lang.reflect.InaccessibleObjectException">java.lang.reflect.InaccessibleObjectException: Unable to make hustleMV.service.InventoryServiceTest() accessible: module inventory does not "opens hustleMV.service" to unnamed module @1184ab05
</error>
  </testcase>
  <testcase name="test_instock_invalid_ecp2{int}[1]" classname="hustleMV.service.InventoryServiceTest" time="0.004">
    <error message="Unable to make hustleMV.service.InventoryServiceTest() accessible: module inventory does not &quot;opens hustleMV.service&quot; to unnamed module @1184ab05" type="java.lang.reflect.InaccessibleObjectException">java.lang.reflect.InaccessibleObjectException: Unable to make hustleMV.service.InventoryServiceTest() accessible: module inventory does not "opens hustleMV.service" to unnamed module @1184ab05
</error>
  </testcase>
  <testcase name="test_price_valid2{RepetitionInfo}[1]" classname="hustleMV.service.InventoryServiceTest" time="0.008">
    <error message="Unable to make hustleMV.service.InventoryServiceTest() accessible: module inventory does not &quot;opens hustleMV.service&quot; to unnamed module @1184ab05" type="java.lang.reflect.InaccessibleObjectException">java.lang.reflect.InaccessibleObjectException: Unable to make hustleMV.service.InventoryServiceTest() accessible: module inventory does not "opens hustleMV.service" to unnamed module @1184ab05
</error>
  </testcase>
  <testcase name="test_price_valid2{RepetitionInfo}[2]" classname="hustleMV.service.InventoryServiceTest" time="0">
    <error message="Unable to make hustleMV.service.InventoryServiceTest() accessible: module inventory does not &quot;opens hustleMV.service&quot; to unnamed module @1184ab05" type="java.lang.reflect.InaccessibleObjectException">java.lang.reflect.InaccessibleObjectException: Unable to make hustleMV.service.InventoryServiceTest() accessible: module inventory does not "opens hustleMV.service" to unnamed module @1184ab05
</error>
  </testcase>
  <testcase name="test_price_valid2{RepetitionInfo}[3]" classname="hustleMV.service.InventoryServiceTest" time="0.001">
    <error message="Unable to make hustleMV.service.InventoryServiceTest() accessible: module inventory does not &quot;opens hustleMV.service&quot; to unnamed module @1184ab05" type="java.lang.reflect.InaccessibleObjectException">java.lang.reflect.InaccessibleObjectException: Unable to make hustleMV.service.InventoryServiceTest() accessible: module inventory does not "opens hustleMV.service" to unnamed module @1184ab05
</error>
  </testcase>
  <testcase name="test_price_valid2{RepetitionInfo}[4]" classname="hustleMV.service.InventoryServiceTest" time="0">
    <error message="Unable to make hustleMV.service.InventoryServiceTest() accessible: module inventory does not &quot;opens hustleMV.service&quot; to unnamed module @1184ab05" type="java.lang.reflect.InaccessibleObjectException">java.lang.reflect.InaccessibleObjectException: Unable to make hustleMV.service.InventoryServiceTest() accessible: module inventory does not "opens hustleMV.service" to unnamed module @1184ab05
</error>
  </testcase>
  <testcase name="test_price_valid2{RepetitionInfo}[5]" classname="hustleMV.service.InventoryServiceTest" time="0.001">
    <error message="Unable to make hustleMV.service.InventoryServiceTest() accessible: module inventory does not &quot;opens hustleMV.service&quot; to unnamed module @1184ab05" type="java.lang.reflect.InaccessibleObjectException">java.lang.reflect.InaccessibleObjectException: Unable to make hustleMV.service.InventoryServiceTest() accessible: module inventory does not "opens hustleMV.service" to unnamed module @1184ab05
</error>
  </testcase>
  <testcase name="test_price_valid{RepetitionInfo}[1]" classname="hustleMV.service.InventoryServiceTest" time="0">
    <error message="Unable to make hustleMV.service.InventoryServiceTest() accessible: module inventory does not &quot;opens hustleMV.service&quot; to unnamed module @1184ab05" type="java.lang.reflect.InaccessibleObjectException">java.lang.reflect.InaccessibleObjectException: Unable to make hustleMV.service.InventoryServiceTest() accessible: module inventory does not "opens hustleMV.service" to unnamed module @1184ab05
</error>
  </testcase>
  <testcase name="test_price_valid{RepetitionInfo}[2]" classname="hustleMV.service.InventoryServiceTest" time="0">
    <error message="Unable to make hustleMV.service.InventoryServiceTest() accessible: module inventory does not &quot;opens hustleMV.service&quot; to unnamed module @1184ab05" type="java.lang.reflect.InaccessibleObjectException">java.lang.reflect.InaccessibleObjectException: Unable to make hustleMV.service.InventoryServiceTest() accessible: module inventory does not "opens hustleMV.service" to unnamed module @1184ab05
</error>
  </testcase>
  <testcase name="test_price_valid{RepetitionInfo}[3]" classname="hustleMV.service.InventoryServiceTest" time="0">
    <error message="Unable to make hustleMV.service.InventoryServiceTest() accessible: module inventory does not &quot;opens hustleMV.service&quot; to unnamed module @1184ab05" type="java.lang.reflect.InaccessibleObjectException">java.lang.reflect.InaccessibleObjectException: Unable to make hustleMV.service.InventoryServiceTest() accessible: module inventory does not "opens hustleMV.service" to unnamed module @1184ab05
</error>
  </testcase>
  <testcase name="test_price_valid{RepetitionInfo}[4]" classname="hustleMV.service.InventoryServiceTest" time="0.001">
    <error message="Unable to make hustleMV.service.InventoryServiceTest() accessible: module inventory does not &quot;opens hustleMV.service&quot; to unnamed module @1184ab05" type="java.lang.reflect.InaccessibleObjectException">java.lang.reflect.InaccessibleObjectException: Unable to make hustleMV.service.InventoryServiceTest() accessible: module inventory does not "opens hustleMV.service" to unnamed module @1184ab05
</error>
  </testcase>
  <testcase name="test_price_valid{RepetitionInfo}[5]" classname="hustleMV.service.InventoryServiceTest" time="0.007">
    <error message="Unable to make hustleMV.service.InventoryServiceTest() accessible: module inventory does not &quot;opens hustleMV.service&quot; to unnamed module @1184ab05" type="java.lang.reflect.InaccessibleObjectException">java.lang.reflect.InaccessibleObjectException: Unable to make hustleMV.service.InventoryServiceTest() accessible: module inventory does not "opens hustleMV.service" to unnamed module @1184ab05
</error>
  </testcase>
</testsuite>